<?xml version="1.0" encoding="UTF-8"?>
<!-- Generated by org.testng.reporters.JUnitXMLReporter -->
<testsuite hostname="Romarijo-PC" ignored="0" name="Test on Internet Explorer" tests="3" failures="1" timestamp="24 Mar 2019 22:46:00 GMT" time="241.419" errors="0">
  <testcase name="testIfLoginWithGoodCredentials" time="127.92" classname="SeleniumTestsFroUVS.SeleniumTestsFroUVS.HealthInsurancePageTests">
    <failure type="java.lang.AssertionError" message="expected [false] but found [true]">
      <![CDATA[java.lang.AssertionError: expected [false] but found [true]
at SeleniumTestsFroUVS.SeleniumTestsFroUVS.HealthInsurancePageTests.testIfLoginWithGoodCredentials(HealthInsurancePageTests.java:77)
at java.util.concurrent.FutureTask.run(FutureTask.java:266)
at java.util.concurrent.ThreadPoolExecutor.runWorker(ThreadPoolExecutor.java:1142)
at java.util.concurrent.ThreadPoolExecutor$Worker.run(ThreadPoolExecutor.java:617)
at java.lang.Thread.run(Thread.java:745)
... Removed 20 stack frames]]>
    </failure>
  </testcase> <!-- testIfLoginWithGoodCredentials -->
  <testcase name="testIfOpenPasswReminder" time="1.208" classname="SeleniumTestsFroUVS.SeleniumTestsFroUVS.HealthInsurancePageTests"/>
  <testcase name="testIfShowsErrorWhenNotFillAllFields" time="104.824" classname="SeleniumTestsFroUVS.SeleniumTestsFroUVS.HealthInsurancePageTests"/>
</testsuite> <!-- Test on Internet Explorer -->
